<?xml version="1.0" encoding="utf-8"?><testsuites name="pytest tests"><testsuite name="pytest" errors="0" failures="0" skipped="0" tests="14" time="12.212" timestamp="2026-02-14T01:39:18.805161+00:00" hostname="agent-env-824bf8a3-ccf2-4197-91c5-1a44c1776fd6"><testcase classname="tests.test_file_upload.TestFileUpload" name="test_health_check" time="0.254" /><testcase classname="tests.test_file_upload.TestFileUpload" name="test_upload_txt_file" time="0.144" /><testcase classname="tests.test_file_upload.TestFileUpload" name="test_upload_md_file" time="0.116" /><testcase classname="tests.test_file_upload.TestFileUpload" name="test_upload_multiple_files" time="0.149" /><testcase classname="tests.test_file_upload.TestFileUpload" name="test_upload_png_image" time="0.183" /><testcase classname="tests.test_file_upload.TestFileUpload" name="test_upload_jpg_image" time="0.133" /><testcase classname="tests.test_file_upload.TestFileUpload" name="test_upload_invalid_file_type" time="0.114" /><testcase classname="tests.test_file_upload.TestFileUpload" name="test_get_file_info" time="0.271" /><testcase classname="tests.test_file_upload.TestFileUpload" name="test_delete_file" time="0.364" /><testcase classname="tests.test_file_upload.TestFileUpload" name="test_delete_nonexistent_file" time="0.147" /><testcase classname="tests.test_file_upload.TestChatWithAttachments" name="test_chat_without_files" time="7.172" /><testcase classname="tests.test_file_upload.TestChatWithAttachments" name="test_chat_with_text_file" time="1.490" /><testcase classname="tests.test_file_upload.TestChatWithAttachments" name="test_chat_with_multiple_files" time="1.559" /><testcase classname="tests.test_file_upload.TestCleanup" name="test_cleanup_test_files" time="0.000" /></testsuite></testsuites>